<?xml version="1.0" encoding="UTF-8"?>
<!-- Generated by org.testng.reporters.JUnitXMLReporter -->
<testsuite ignored="4" hostname="Chukki_Laptop" failures="0" tests="1" name="Default test" time="22.156" errors="0" timestamp="2024-06-05T17:47:15 IST">
  <testcase classname="AmazonTestCase.TestCases" name="putMethod" time="22.108"/>
  <testcase classname="AmazonTestCase.TestCases" name="GetPerticularInfo" time="0.0">
    <ignored/>
  </testcase> <!-- GetPerticularInfo -->
  <testcase classname="AmazonTestCase.TestCases" name="DelInfo" time="0.0">
    <ignored/>
  </testcase> <!-- DelInfo -->
  <testcase classname="AmazonTestCase.TestCases" name="GetAllDetails" time="0.0">
    <ignored/>
  </testcase> <!-- GetAllDetails -->
  <testcase classname="AmazonTestCase.TestCases" name="postTestCase" time="0.0">
    <ignored/>
  </testcase> <!-- postTestCase -->
</testsuite> <!-- Default test -->
