<?xml version="1.0" encoding="UTF-8"?>
<testng-results ignored="0" total="1" passed="1" failed="0" skipped="0">
  <reporter-output>
  </reporter-output>
  <suite started-at="2024-06-05T17:46:53 IST" name="Default suite" finished-at="2024-06-05T17:47:15 IST" duration-ms="22156">
    <groups>
    </groups>
    <test started-at="2024-06-05T17:46:53 IST" name="Default test" finished-at="2024-06-05T17:47:15 IST" duration-ms="22156">
      <class name="AmazonTestCase.TestCases">
        <test-method signature="putMethod()[pri:0, instance:AmazonTestCase.TestCases@53ce1329]" started-at="2024-06-05T17:46:53 IST" name="putMethod" finished-at="2024-06-05T17:47:15 IST" duration-ms="22108" status="PASS">
          <reporter-output>
          </reporter-output>
        </test-method> <!-- putMethod -->
      </class> <!-- AmazonTestCase.TestCases -->
    </test> <!-- Default test -->
  </suite> <!-- Default suite -->
</testng-results>
